TN:
SF:/home/tonny/Microverse-project/To-do-list/src/modules/todolist.js
FN:2,(anonymous_0)
FN:6,(anonymous_1)
FN:10,(anonymous_2)
FN:14,(anonymous_3)
FN:16,(anonymous_4)
FN:18,(anonymous_5)
FN:25,(anonymous_6)
FN:37,(anonymous_7)
FN:38,(anonymous_8)
FN:40,(anonymous_9)
FN:49,(anonymous_10)
FN:50,(anonymous_11)
FN:51,(anonymous_12)
FN:59,(anonymous_13)
FN:65,(anonymous_14)
FNF:15
FNH:11
FNDA:1,(anonymous_0)
FNDA:6,(anonymous_1)
FNDA:1,(anonymous_2)
FNDA:0,(anonymous_3)
FNDA:0,(anonymous_4)
FNDA:0,(anonymous_5)
FNDA:2,(anonymous_6)
FNDA:1,(anonymous_7)
FNDA:1,(anonymous_8)
FNDA:0,(anonymous_9)
FNDA:1,(anonymous_10)
FNDA:2,(anonymous_11)
FNDA:1,(anonymous_12)
FNDA:1,(anonymous_13)
FNDA:1,(anonymous_14)
DA:3,1
DA:7,6
DA:11,1
DA:14,1
DA:17,0
DA:18,0
DA:20,0
DA:21,0
DA:26,2
DA:32,2
DA:33,2
DA:38,1
DA:39,1
DA:40,0
DA:41,0
DA:42,0
DA:45,1
DA:50,2
DA:51,1
DA:52,1
DA:53,1
DA:55,1
DA:60,1
DA:61,1
DA:62,1
DA:66,1
DA:67,1
DA:71,1
LF:28
LH:21
BRDA:11,0,0,1
BRDA:11,0,1,1
BRDA:14,1,0,0
BRDA:14,1,1,0
BRDA:39,2,0,0
BRDA:39,2,1,1
BRF:6
BRH:3
end_of_record
